<?xml version="1.0" encoding="UTF-8"?>
<!-- Generated by org.testng.reporters.JUnitReportReporter -->
<testsuite ignored="0" hostname="Kristinas-MacBook-Pro.local" failures="0" tests="1" name="homepage.homepage" time="10.074" errors="0" timestamp="10 Feb 2020 18:46:30 GMT" skipped="0">
  <testcase classname="homepage.homepage" name="f" time="10.074"/>
</testsuite> <!-- homepage.homepage -->
